<?xml version="1.0" encoding="UTF-8"?>
<testng-results skipped="0" failed="0" ignored="0" total="0" passed="0">
  <reporter-output>
  </reporter-output>
  <suite name="All Test Suite" duration-ms="14532" started-at="2023-03-05T03:41:30 AST" finished-at="2023-03-05T03:41:45 AST">
    <groups>
    </groups>
    <test name="Check Background" duration-ms="14532" started-at="2023-03-05T03:41:30 AST" finished-at="2023-03-05T03:41:45 AST">
      <class name="testcases.TestBases">
        <test-method status="PASS" signature="prepare()[pri:0, instance:testcases.TestBases@1dfe2924]" name="prepare" is-config="true" duration-ms="14516" started-at="2023-03-05T03:41:30 AST" finished-at="2023-03-05T03:41:45 AST">
          <reporter-output>
          </reporter-output>
        </test-method> <!-- prepare -->
      </class> <!-- testcases.TestBases -->
    </test> <!-- Check Background -->
  </suite> <!-- All Test Suite -->
</testng-results>
